[Thread debugging using libthread_db enabled]
Using host libthread_db library "/lib/x86_64-linux-gnu/libthread_db.so.1".
0x00007f90b1974687 in __GI___waitpid (pid=4690, stat_loc=stat_loc@entry=0x7fffd5521538, options=options@entry=0) at ../sysdeps/unix/sysv/linux/waitpid.c:30
30	../sysdeps/unix/sysv/linux/waitpid.c: No such file or directory.
#0  0x00007f90b1974687 in __GI___waitpid (pid=4690, stat_loc=stat_loc@entry=0x7fffd5521538, options=options@entry=0) at ../sysdeps/unix/sysv/linux/waitpid.c:30
        resultvar = 61
        sc_ret = <optimized out>
#1  0x00007f90b18df067 in do_system (line=<optimized out>) at ../sysdeps/posix/system.c:149
        __result = <optimized out>
        _buffer = {__routine = 0x7f90b18df360 <cancel_handler>, __arg = 0x7fffd552153c, __canceltype = 0, __prev = 0x0}
        _avail = 1
        status = -1296033242
        save = <optimized out>
        pid = 4690
        sa = {__sigaction_handler = {sa_handler = 0x1, sa_sigaction = 0x1}, sa_mask = {__val = {65536, 0 <repeats 15 times>}}, sa_flags = 0, sa_restorer = 0x7fffd5521c30}
        omask = {__val = {0 <repeats 16 times>}}
        __cnt = <optimized out>
        __set = <optimized out>
#2  0x00007f90b2d46bd7 in AP_HAL::dump_stack_trace () at ../../libraries/AP_HAL_SITL/system.cpp:90
        dumpstack = 0x7f90b2e2bff2 "Tools/scripts/dumpstack"
        statbuf = {st_dev = 2, st_ino = 2814749767708521, st_nlink = 1, st_mode = 33279, st_uid = 1000, st_gid = 1000, __pad0 = 0, st_rdev = 0, st_size = 262, st_blksize = 512, st_blocks = 0, st_atim = {tv_sec = 1561710833, tv_nsec = 791901500}, st_mtim = {tv_sec = 1561710833, tv_nsec = 791901500}, st_ctim = {tv_sec = 1561710833, tv_nsec = 791901500}, __glibc_reserved = {0, 0, 0}}
        paths = {0x7f90b2e2bff2 "Tools/scripts/dumpstack", 0x7f90b2e2c00a "APM/Tools/scripts/dumpstack"}
        cmd = "sh Tools/scripts/dumpstack 4687 >segv_arducopter.4687.out 2>&1\000\000(\030R\325\377\177\000\000\000\377\023\067\314V\323\345", '\000' <repeats 16 times>, "@\243\302\262"
        progname = "/home/ezawa/ardupilot/build/sitl/bin\000arducopter\000`\030R\325\377\177\000\000\000\377\023\067\314V\323\345\300\037R\325\377\177\000\000\000\000\000\000\000\000\000\000-#\000\000\000\000\000\000\300\354\242\261\220\177\000\000\233\311\342\262"
        p = 0x7fffd5521844 ""
        n = 47
        output_filepath = "segv_arducopter.4687.out\000\273\f\000\000"
        fd = 0
        buf = "\260\030R\325\377\177\000\000\060\023\331\262\220\177\000\000\360\030R\325\377\177\000\000\220\004\n\263\177\025\000\000\222\311\342\262\220\177\000\000\260\270\n\263\220\177\000\000\020\031R\325\377\177\000\000\223\023\331\262\220\177\000\000\366V\fC;\204\017B\200\004\n\263\177\025\000\000\222\311\342\262\220\177\000\000\260\270\n\263\220\177\000\000\002\000\025\177\177\000\000\001\000\000\000\000\000\000\000\000\001\000\000\000\000\000\000\000\340\270\n\263\220\177\000\000@\031R\325\377\177\000\000\342\310\323\262\220\177\000\000\255\"R\325\377\177\000\000\200\216\n\263\220\177\000\000\060\305\324\315\377\177", '\000' <repeats 11 times>, "\036R\325\377\177\000\000\350~\324\262\220\177\000\000\200\031R\325\000\000\200?"...
#3  0x00007f90b2d46a0b in AP_HAL::panic (errormsg=0x7f90b2e15e09 "Bad var table") at ../../libraries/AP_HAL_SITL/system.cpp:38
        ap = {{gp_offset = 8, fp_offset = 48, overflow_arg_area = 0x7fffd5521da0, reg_save_area = 0x7fffd5521ce0}}
#4  0x00007f90b2c36a67 in Copter::load_parameters (this=0x7f90b309d920 <copter>) at ../../ArduCopter/Parameters.cpp:1067
        before = 32767
#5  0x00007f90b2c587ca in Copter::init_ardupilot (this=0x7f90b309d920 <copter>) at ../../ArduCopter/system.cpp:37
No locals.
#6  0x00007f90b2c2f364 in Copter::setup (this=0x7f90b309d920 <copter>) at ../../ArduCopter/Copter.cpp:215
No locals.
#7  0x00007f90b2d3b802 in HAL_SITL::run (this=0x7f90b30ac1a0 <AP_HAL::get_HAL()::hal>, argc=11, argv=0x7fffd5521fc8, callbacks=0x7f90b309d920 <copter>) at ../../libraries/AP_HAL_SITL/HAL_SITL_Class.cpp:153
        __PRETTY_FUNCTION__ = "virtual void HAL_SITL::run(int, char* const*, AP_HAL::HAL::Callbacks*) const"
        new_argv_offset = 11 '\v'
        using_watchdog = false
        last_watchdog_save = 8
#8  0x00007f90b2c30f67 in main (argc=11, argv=0x7fffd5521fc8) at ../../ArduCopter/Copter.cpp:615
No locals.

Thread 1 (Thread 0x7f90b2a70740 (LWP 4687)):
#0  0x00007f90b1974687 in __GI___waitpid (pid=4690, stat_loc=stat_loc@entry=0x7fffd5521538, options=options@entry=0) at ../sysdeps/unix/sysv/linux/waitpid.c:30
        resultvar = 61
        sc_ret = <optimized out>
#1  0x00007f90b18df067 in do_system (line=<optimized out>) at ../sysdeps/posix/system.c:149
        __result = <optimized out>
        _buffer = {__routine = 0x7f90b18df360 <cancel_handler>, __arg = 0x7fffd552153c, __canceltype = 0, __prev = 0x0}
        _avail = 1
        status = -1296033242
        save = <optimized out>
        pid = 4690
        sa = {__sigaction_handler = {sa_handler = 0x1, sa_sigaction = 0x1}, sa_mask = {__val = {65536, 0 <repeats 15 times>}}, sa_flags = 0, sa_restorer = 0x7fffd5521c30}
        omask = {__val = {0 <repeats 16 times>}}
        __cnt = <optimized out>
        __set = <optimized out>
#2  0x00007f90b2d46bd7 in AP_HAL::dump_stack_trace () at ../../libraries/AP_HAL_SITL/system.cpp:90
        dumpstack = 0x7f90b2e2bff2 "Tools/scripts/dumpstack"
        statbuf = {st_dev = 2, st_ino = 2814749767708521, st_nlink = 1, st_mode = 33279, st_uid = 1000, st_gid = 1000, __pad0 = 0, st_rdev = 0, st_size = 262, st_blksize = 512, st_blocks = 0, st_atim = {tv_sec = 1561710833, tv_nsec = 791901500}, st_mtim = {tv_sec = 1561710833, tv_nsec = 791901500}, st_ctim = {tv_sec = 1561710833, tv_nsec = 791901500}, __glibc_reserved = {0, 0, 0}}
        paths = {0x7f90b2e2bff2 "Tools/scripts/dumpstack", 0x7f90b2e2c00a "APM/Tools/scripts/dumpstack"}
        cmd = "sh Tools/scripts/dumpstack 4687 >segv_arducopter.4687.out 2>&1\000\000(\030R\325\377\177\000\000\000\377\023\067\314V\323\345", '\000' <repeats 16 times>, "@\243\302\262"
        progname = "/home/ezawa/ardupilot/build/sitl/bin\000arducopter\000`\030R\325\377\177\000\000\000\377\023\067\314V\323\345\300\037R\325\377\177\000\000\000\000\000\000\000\000\000\000-#\000\000\000\000\000\000\300\354\242\261\220\177\000\000\233\311\342\262"
        p = 0x7fffd5521844 ""
        n = 47
        output_filepath = "segv_arducopter.4687.out\000\273\f\000\000"
        fd = 0
        buf = "\260\030R\325\377\177\000\000\060\023\331\262\220\177\000\000\360\030R\325\377\177\000\000\220\004\n\263\177\025\000\000\222\311\342\262\220\177\000\000\260\270\n\263\220\177\000\000\020\031R\325\377\177\000\000\223\023\331\262\220\177\000\000\366V\fC;\204\017B\200\004\n\263\177\025\000\000\222\311\342\262\220\177\000\000\260\270\n\263\220\177\000\000\002\000\025\177\177\000\000\001\000\000\000\000\000\000\000\000\001\000\000\000\000\000\000\000\340\270\n\263\220\177\000\000@\031R\325\377\177\000\000\342\310\323\262\220\177\000\000\255\"R\325\377\177\000\000\200\216\n\263\220\177\000\000\060\305\324\315\377\177", '\000' <repeats 11 times>, "\036R\325\377\177\000\000\350~\324\262\220\177\000\000\200\031R\325\000\000\200?"...
#3  0x00007f90b2d46a0b in AP_HAL::panic (errormsg=0x7f90b2e15e09 "Bad var table") at ../../libraries/AP_HAL_SITL/system.cpp:38
        ap = {{gp_offset = 8, fp_offset = 48, overflow_arg_area = 0x7fffd5521da0, reg_save_area = 0x7fffd5521ce0}}
#4  0x00007f90b2c36a67 in Copter::load_parameters (this=0x7f90b309d920 <copter>) at ../../ArduCopter/Parameters.cpp:1067
        before = 32767
#5  0x00007f90b2c587ca in Copter::init_ardupilot (this=0x7f90b309d920 <copter>) at ../../ArduCopter/system.cpp:37
No locals.
#6  0x00007f90b2c2f364 in Copter::setup (this=0x7f90b309d920 <copter>) at ../../ArduCopter/Copter.cpp:215
No locals.
#7  0x00007f90b2d3b802 in HAL_SITL::run (this=0x7f90b30ac1a0 <AP_HAL::get_HAL()::hal>, argc=11, argv=0x7fffd5521fc8, callbacks=0x7f90b309d920 <copter>) at ../../libraries/AP_HAL_SITL/HAL_SITL_Class.cpp:153
        __PRETTY_FUNCTION__ = "virtual void HAL_SITL::run(int, char* const*, AP_HAL::HAL::Callbacks*) const"
        new_argv_offset = 11 '\v'
        using_watchdog = false
        last_watchdog_save = 8
#8  0x00007f90b2c30f67 in main (argc=11, argv=0x7fffd5521fc8) at ../../ArduCopter/Copter.cpp:615
No locals.
A debugging session is active.

	Inferior 1 [process 4687] will be detached.

Quit anyway? (y or n) [answered Y; input not from terminal]
