[Thread debugging using libthread_db enabled]
Using host libthread_db library "/lib/x86_64-linux-gnu/libthread_db.so.1".
0x00007f4f2cd74687 in __GI___waitpid (pid=7606, stat_loc=stat_loc@entry=0x7fffeea319d8, options=options@entry=0) at ../sysdeps/unix/sysv/linux/waitpid.c:30
30	../sysdeps/unix/sysv/linux/waitpid.c: No such file or directory.
#0  0x00007f4f2cd74687 in __GI___waitpid (pid=7606, stat_loc=stat_loc@entry=0x7fffeea319d8, options=options@entry=0) at ../sysdeps/unix/sysv/linux/waitpid.c:30
        resultvar = 61
        sc_ret = <optimized out>
#1  0x00007f4f2ccdf067 in do_system (line=<optimized out>) at ../sysdeps/posix/system.c:149
        __result = <optimized out>
        _buffer = {__routine = 0x7f4f2ccdf360 <cancel_handler>, __arg = 0x7fffeea319dc, __canceltype = 0, __prev = 0x0}
        _avail = 1
        status = -415834088
        save = <optimized out>
        pid = 7606
        sa = {__sigaction_handler = {sa_handler = 0x1, sa_sigaction = 0x1}, sa_mask = {__val = {65536, 0 <repeats 15 times>}}, sa_flags = 0, sa_restorer = 0x0}
        omask = {__val = {0 <repeats 16 times>}}
        __cnt = <optimized out>
        __set = <optimized out>
#2  0x00007f4f2e11b052 in AP_HAL::dump_stack_trace() ()
No symbol table info available.
#3  0x00007f4f2e11b237 in AP_HAL::panic(char const*, ...) ()
No symbol table info available.
#4  0x00007f4f2e031254 in Copter::load_parameters() ()
No symbol table info available.
#5  0x00007f4f2e04a2f4 in Copter::init_ardupilot() ()
No symbol table info available.
#6  0x00007f4f2e02bf4f in Copter::setup() ()
No symbol table info available.
#7  0x00007f4f2e10e8cf in HAL_SITL::run(int, char* const*, AP_HAL::HAL::Callbacks*) const ()
No symbol table info available.
#8  0x00007f4f2e028580 in main ()
No symbol table info available.

Thread 1 (Thread 0x7f4f2df60740 (LWP 7603)):
#0  0x00007f4f2cd74687 in __GI___waitpid (pid=7606, stat_loc=stat_loc@entry=0x7fffeea319d8, options=options@entry=0) at ../sysdeps/unix/sysv/linux/waitpid.c:30
        resultvar = 61
        sc_ret = <optimized out>
#1  0x00007f4f2ccdf067 in do_system (line=<optimized out>) at ../sysdeps/posix/system.c:149
        __result = <optimized out>
        _buffer = {__routine = 0x7f4f2ccdf360 <cancel_handler>, __arg = 0x7fffeea319dc, __canceltype = 0, __prev = 0x0}
        _avail = 1
        status = -415834088
        save = <optimized out>
        pid = 7606
        sa = {__sigaction_handler = {sa_handler = 0x1, sa_sigaction = 0x1}, sa_mask = {__val = {65536, 0 <repeats 15 times>}}, sa_flags = 0, sa_restorer = 0x0}
        omask = {__val = {0 <repeats 16 times>}}
        __cnt = <optimized out>
        __set = <optimized out>
#2  0x00007f4f2e11b052 in AP_HAL::dump_stack_trace() ()
No symbol table info available.
#3  0x00007f4f2e11b237 in AP_HAL::panic(char const*, ...) ()
No symbol table info available.
#4  0x00007f4f2e031254 in Copter::load_parameters() ()
No symbol table info available.
#5  0x00007f4f2e04a2f4 in Copter::init_ardupilot() ()
No symbol table info available.
#6  0x00007f4f2e02bf4f in Copter::setup() ()
No symbol table info available.
#7  0x00007f4f2e10e8cf in HAL_SITL::run(int, char* const*, AP_HAL::HAL::Callbacks*) const ()
No symbol table info available.
#8  0x00007f4f2e028580 in main ()
No symbol table info available.
A debugging session is active.

	Inferior 1 [process 7603] will be detached.

Quit anyway? (y or n) [answered Y; input not from terminal]
