[Thread debugging using libthread_db enabled]
Using host libthread_db library "/lib/x86_64-linux-gnu/libthread_db.so.1".
0x00007f2ec4774687 in __GI___waitpid (pid=11026, stat_loc=stat_loc@entry=0x7ffffb9b9258, options=options@entry=0) at ../sysdeps/unix/sysv/linux/waitpid.c:30
30	../sysdeps/unix/sysv/linux/waitpid.c: No such file or directory.
#0  0x00007f2ec4774687 in __GI___waitpid (pid=11026, stat_loc=stat_loc@entry=0x7ffffb9b9258, options=options@entry=0) at ../sysdeps/unix/sysv/linux/waitpid.c:30
        resultvar = 61
        sc_ret = <optimized out>
#1  0x00007f2ec46df067 in do_system (line=<optimized out>) at ../sysdeps/posix/system.c:149
        __result = <optimized out>
        _buffer = {__routine = 0x7f2ec46df360 <cancel_handler>, __arg = 0x7ffffb9b925c, __canceltype = 0, __prev = 0x0}
        _avail = 1
        status = -979363290
        save = <optimized out>
        pid = 11026
        sa = {__sigaction_handler = {sa_handler = 0x1, sa_sigaction = 0x1}, sa_mask = {__val = {65536, 0 <repeats 15 times>}}, sa_flags = 0, sa_restorer = 0x0}
        omask = {__val = {0 <repeats 16 times>}}
        __cnt = <optimized out>
        __set = <optimized out>
#2  0x00007f2ec5b46bd7 in AP_HAL::dump_stack_trace () at ../../libraries/AP_HAL_SITL/system.cpp:90
        dumpstack = 0x7f2ec5c2bff2 "Tools/scripts/dumpstack"
        statbuf = {st_dev = 2, st_ino = 2814749767708521, st_nlink = 1, st_mode = 33279, st_uid = 1000, st_gid = 1000, __pad0 = 0, st_rdev = 0, st_size = 262, st_blksize = 512, st_blocks = 0, st_atim = {tv_sec = 1561710833, tv_nsec = 791901500}, st_mtim = {tv_sec = 1561710833, tv_nsec = 791901500}, st_ctim = {tv_sec = 1561710833, tv_nsec = 791901500}, __glibc_reserved = {0, 0, 0}}
        paths = {0x7f2ec5c2bff2 "Tools/scripts/dumpstack", 0x7f2ec5c2c00a "APM/Tools/scripts/dumpstack"}
        cmd = "sh Tools/scripts/dumpstack 11023 >segv_arducopter.11023.out 2>&1\000\225\233\373\377\177\000\000\000-@\352\256\373\071\063", '\000' <repeats 16 times>, "@\243\242\305"
        progname = "/home/ezawa/ardupilot/build/sitl/bin\000arducopter\000\200\225\233\373\377\177\000\000\000-@\352\256\373\071\063\340\234\233\373\377\177\000\000\000\000\000\000\000\000\000\000-#\000\000\000\000\000\000\300\354\202\304.\177\000\000\233\311\302\305"
        p = 0x7ffffb9b9564 ""
        n = 47
        output_filepath = "segv_arducopter.11023.out\000\b\000\000"
        fd = 0
        buf = "\320\225\233\373\377\177\000\000\060\023\271\305.\177\000\000\020\226\233\373\377\177\000\000\220\004\352\305\177\025\000\000\222\311\302\305.\177\000\000\260\270\352\305.\177\000\000\060\226\233\373\377\177\000\000\223\023\271\305.\177\000\000\366V\fC;\204\017B\200\004\352\305\177\025\000\000\222\311\302\305.\177\000\000\260\270\352\305.\177\000\000\002\000\025\177\177\000\000\001\000\000\000\000\000\000\000\000\001\000\000\000\000\000\000\000\340\270\352\305.\177\000\000`\226\233\373\377\177\000\000\342\310\263\305.\177\000\000\315\237\233\373\377\177\000\000\200\216\352\305.\177\000\000\060\345\257\363\377\177\000\000\000\000\000\000\000\000\000\000 \233\233\373\377\177\000\000\350~\264\305.\177\000\000\001\000\000\000\000\000\200?"...
#3  0x00007f2ec5b46a0b in AP_HAL::panic (errormsg=0x7f2ec5c15e09 "Bad var table") at ../../libraries/AP_HAL_SITL/system.cpp:38
        ap = {{gp_offset = 8, fp_offset = 48, overflow_arg_area = 0x7ffffb9b9ac0, reg_save_area = 0x7ffffb9b9a00}}
#4  0x00007f2ec5a36a67 in Copter::load_parameters (this=0x7f2ec5e9d920 <copter>) at ../../ArduCopter/Parameters.cpp:1067
        before = 32767
#5  0x00007f2ec5a587ca in Copter::init_ardupilot (this=0x7f2ec5e9d920 <copter>) at ../../ArduCopter/system.cpp:37
No locals.
#6  0x00007f2ec5a2f364 in Copter::setup (this=0x7f2ec5e9d920 <copter>) at ../../ArduCopter/Copter.cpp:215
No locals.
#7  0x00007f2ec5b3b802 in HAL_SITL::run (this=0x7f2ec5eac1a0 <AP_HAL::get_HAL()::hal>, argc=11, argv=0x7ffffb9b9ce8, callbacks=0x7f2ec5e9d920 <copter>) at ../../libraries/AP_HAL_SITL/HAL_SITL_Class.cpp:153
        __PRETTY_FUNCTION__ = "virtual void HAL_SITL::run(int, char* const*, AP_HAL::HAL::Callbacks*) const"
        new_argv_offset = 11 '\v'
        using_watchdog = false
        last_watchdog_save = 8
#8  0x00007f2ec5a30f67 in main (argc=11, argv=0x7ffffb9b9ce8) at ../../ArduCopter/Copter.cpp:615
No locals.

Thread 1 (Thread 0x7f2ec5950740 (LWP 11023)):
#0  0x00007f2ec4774687 in __GI___waitpid (pid=11026, stat_loc=stat_loc@entry=0x7ffffb9b9258, options=options@entry=0) at ../sysdeps/unix/sysv/linux/waitpid.c:30
        resultvar = 61
        sc_ret = <optimized out>
#1  0x00007f2ec46df067 in do_system (line=<optimized out>) at ../sysdeps/posix/system.c:149
        __result = <optimized out>
        _buffer = {__routine = 0x7f2ec46df360 <cancel_handler>, __arg = 0x7ffffb9b925c, __canceltype = 0, __prev = 0x0}
        _avail = 1
        status = -979363290
        save = <optimized out>
        pid = 11026
        sa = {__sigaction_handler = {sa_handler = 0x1, sa_sigaction = 0x1}, sa_mask = {__val = {65536, 0 <repeats 15 times>}}, sa_flags = 0, sa_restorer = 0x0}
        omask = {__val = {0 <repeats 16 times>}}
        __cnt = <optimized out>
        __set = <optimized out>
#2  0x00007f2ec5b46bd7 in AP_HAL::dump_stack_trace () at ../../libraries/AP_HAL_SITL/system.cpp:90
        dumpstack = 0x7f2ec5c2bff2 "Tools/scripts/dumpstack"
        statbuf = {st_dev = 2, st_ino = 2814749767708521, st_nlink = 1, st_mode = 33279, st_uid = 1000, st_gid = 1000, __pad0 = 0, st_rdev = 0, st_size = 262, st_blksize = 512, st_blocks = 0, st_atim = {tv_sec = 1561710833, tv_nsec = 791901500}, st_mtim = {tv_sec = 1561710833, tv_nsec = 791901500}, st_ctim = {tv_sec = 1561710833, tv_nsec = 791901500}, __glibc_reserved = {0, 0, 0}}
        paths = {0x7f2ec5c2bff2 "Tools/scripts/dumpstack", 0x7f2ec5c2c00a "APM/Tools/scripts/dumpstack"}
        cmd = "sh Tools/scripts/dumpstack 11023 >segv_arducopter.11023.out 2>&1\000\225\233\373\377\177\000\000\000-@\352\256\373\071\063", '\000' <repeats 16 times>, "@\243\242\305"
        progname = "/home/ezawa/ardupilot/build/sitl/bin\000arducopter\000\200\225\233\373\377\177\000\000\000-@\352\256\373\071\063\340\234\233\373\377\177\000\000\000\000\000\000\000\000\000\000-#\000\000\000\000\000\000\300\354\202\304.\177\000\000\233\311\302\305"
        p = 0x7ffffb9b9564 ""
        n = 47
        output_filepath = "segv_arducopter.11023.out\000\b\000\000"
        fd = 0
        buf = "\320\225\233\373\377\177\000\000\060\023\271\305.\177\000\000\020\226\233\373\377\177\000\000\220\004\352\305\177\025\000\000\222\311\302\305.\177\000\000\260\270\352\305.\177\000\000\060\226\233\373\377\177\000\000\223\023\271\305.\177\000\000\366V\fC;\204\017B\200\004\352\305\177\025\000\000\222\311\302\305.\177\000\000\260\270\352\305.\177\000\000\002\000\025\177\177\000\000\001\000\000\000\000\000\000\000\000\001\000\000\000\000\000\000\000\340\270\352\305.\177\000\000`\226\233\373\377\177\000\000\342\310\263\305.\177\000\000\315\237\233\373\377\177\000\000\200\216\352\305.\177\000\000\060\345\257\363\377\177\000\000\000\000\000\000\000\000\000\000 \233\233\373\377\177\000\000\350~\264\305.\177\000\000\001\000\000\000\000\000\200?"...
#3  0x00007f2ec5b46a0b in AP_HAL::panic (errormsg=0x7f2ec5c15e09 "Bad var table") at ../../libraries/AP_HAL_SITL/system.cpp:38
        ap = {{gp_offset = 8, fp_offset = 48, overflow_arg_area = 0x7ffffb9b9ac0, reg_save_area = 0x7ffffb9b9a00}}
#4  0x00007f2ec5a36a67 in Copter::load_parameters (this=0x7f2ec5e9d920 <copter>) at ../../ArduCopter/Parameters.cpp:1067
        before = 32767
#5  0x00007f2ec5a587ca in Copter::init_ardupilot (this=0x7f2ec5e9d920 <copter>) at ../../ArduCopter/system.cpp:37
No locals.
#6  0x00007f2ec5a2f364 in Copter::setup (this=0x7f2ec5e9d920 <copter>) at ../../ArduCopter/Copter.cpp:215
No locals.
#7  0x00007f2ec5b3b802 in HAL_SITL::run (this=0x7f2ec5eac1a0 <AP_HAL::get_HAL()::hal>, argc=11, argv=0x7ffffb9b9ce8, callbacks=0x7f2ec5e9d920 <copter>) at ../../libraries/AP_HAL_SITL/HAL_SITL_Class.cpp:153
        __PRETTY_FUNCTION__ = "virtual void HAL_SITL::run(int, char* const*, AP_HAL::HAL::Callbacks*) const"
        new_argv_offset = 11 '\v'
        using_watchdog = false
        last_watchdog_save = 8
#8  0x00007f2ec5a30f67 in main (argc=11, argv=0x7ffffb9b9ce8) at ../../ArduCopter/Copter.cpp:615
No locals.
A debugging session is active.

	Inferior 1 [process 11023] will be detached.

Quit anyway? (y or n) [answered Y; input not from terminal]
